2018-06-05 17:13:57,349 DEBUG [cn.mldn.mapping.NewsNS.doCreate] - ==>  Preparing: INSERT INTO news(title,pubdate) VALUES (?,?) 
2018-06-05 17:13:57,396 DEBUG [cn.mldn.mapping.NewsNS.doCreate] - ==> Parameters: 今天是个好天气。(String), 2018-06-05 17:13:56.72(Timestamp)
2018-06-05 17:13:57,397 DEBUG [cn.mldn.mapping.NewsNS.doCreate] - <==    Updates: 1
2018-06-05 17:19:25,437 DEBUG [cn.mldn.mapping.NewsNS.doCreate] - ==>  Preparing: INSERT INTO news(title,pubdate) VALUES (?,?) 
2018-06-05 17:19:25,477 DEBUG [cn.mldn.mapping.NewsNS.doCreate] - ==> Parameters: 今天是个好天气。(String), 2018-06-05 17:19:24.798(Timestamp)
2018-06-05 17:19:25,478 DEBUG [cn.mldn.mapping.NewsNS.doCreate] - <==    Updates: 1
2018-06-05 17:23:34,083 DEBUG [cn.mldn.mapping.NewsNS.doEdit] - ==>  Preparing: UPDATE news SET title=?,pubdate=? WHERE nid=? 
2018-06-05 17:23:34,125 DEBUG [cn.mldn.mapping.NewsNS.doEdit] - ==> Parameters: 马上下课了，高兴吗？(String), 2018-06-05 17:23:33.448(Timestamp), 6(Long)
2018-06-05 17:23:34,126 DEBUG [cn.mldn.mapping.NewsNS.doEdit] - <==    Updates: 1
2018-06-05 17:23:49,132 DEBUG [cn.mldn.mapping.NewsNS.doRemove] - ==>  Preparing: DELETE FROM news WHERE nid=? 
2018-06-05 17:23:49,164 DEBUG [cn.mldn.mapping.NewsNS.doRemove] - ==> Parameters: 9(Long)
2018-06-05 17:23:49,165 DEBUG [cn.mldn.mapping.NewsNS.doRemove] - <==    Updates: 1
2018-06-06 08:54:24,563 DEBUG [cn.mldn.mapping.NewsNS.findById] - ==>  Preparing: SELECT nid,title,pubdate FROM news WHERE nid=? ; 
2018-06-06 08:54:57,522 DEBUG [cn.mldn.mapping.NewsNS.findById] - ==>  Preparing: SELECT nid,title,pubdate FROM news WHERE nid=? ; 
2018-06-06 08:54:57,557 DEBUG [cn.mldn.mapping.NewsNS.findById] - ==> Parameters: 8(Long)
2018-06-06 08:54:57,572 TRACE [cn.mldn.mapping.NewsNS.findById] - <==    Columns: nid, title, pubdate
2018-06-06 08:54:57,577 TRACE [cn.mldn.mapping.NewsNS.findById] - <==        Row: 8, 今天是个好天气。, 2018-06-05 16:47:02.0
2018-06-06 08:54:57,579 DEBUG [cn.mldn.mapping.NewsNS.findById] - <==      Total: 1
2018-06-06 08:55:16,736 DEBUG [cn.mldn.mapping.NewsNS.findById] - ==>  Preparing: SELECT nid,title,pubdate FROM news WHERE nid=? ; 
2018-06-06 08:55:16,771 DEBUG [cn.mldn.mapping.NewsNS.findById] - ==> Parameters: 8(Long)
2018-06-06 08:55:16,785 TRACE [cn.mldn.mapping.NewsNS.findById] - <==    Columns: nid, title, pubdate
2018-06-06 08:55:16,790 TRACE [cn.mldn.mapping.NewsNS.findById] - <==        Row: 8, 今天是个好天气。, 2018-06-05 16:47:02.0
2018-06-06 08:55:16,792 DEBUG [cn.mldn.mapping.NewsNS.findById] - <==      Total: 1
2018-06-06 08:57:16,423 DEBUG [cn.mldn.mapping.NewsNS.findAll] - ==>  Preparing: SELECT nid,title,pubdate FROM news ; 
2018-06-06 08:57:16,462 DEBUG [cn.mldn.mapping.NewsNS.findAll] - ==> Parameters: 
2018-06-06 08:57:16,476 TRACE [cn.mldn.mapping.NewsNS.findAll] - <==    Columns: nid, title, pubdate
2018-06-06 08:57:16,481 TRACE [cn.mldn.mapping.NewsNS.findAll] - <==        Row: 4, 今天是个好天气。, 2018-06-05 16:34:03.0
2018-06-06 08:57:16,483 TRACE [cn.mldn.mapping.NewsNS.findAll] - <==        Row: 5, 今天是个好天气。, 2018-06-05 16:34:16.0
2018-06-06 08:57:16,483 TRACE [cn.mldn.mapping.NewsNS.findAll] - <==        Row: 6, 马上下课了，高兴吗？, 2018-06-05 17:23:33.0
2018-06-06 08:57:16,484 TRACE [cn.mldn.mapping.NewsNS.findAll] - <==        Row: 7, 今天是个好天气。, 2018-06-05 16:36:41.0
2018-06-06 08:57:16,484 TRACE [cn.mldn.mapping.NewsNS.findAll] - <==        Row: 8, 今天是个好天气。, 2018-06-05 16:47:02.0
2018-06-06 08:57:16,484 TRACE [cn.mldn.mapping.NewsNS.findAll] - <==        Row: 10, 今天是个好天气。, 2018-06-05 16:53:42.0
2018-06-06 08:57:16,485 TRACE [cn.mldn.mapping.NewsNS.findAll] - <==        Row: 11, 今天是个好天气。, 2018-06-05 17:10:06.0
2018-06-06 08:57:16,486 TRACE [cn.mldn.mapping.NewsNS.findAll] - <==        Row: 12, 今天是个好天气。, 2018-06-05 17:10:48.0
2018-06-06 08:57:16,486 TRACE [cn.mldn.mapping.NewsNS.findAll] - <==        Row: 13, 今天是个好天气。, 2018-06-05 17:13:03.0
2018-06-06 08:57:16,487 TRACE [cn.mldn.mapping.NewsNS.findAll] - <==        Row: 14, 今天是个好天气。, 2018-06-05 17:13:56.0
2018-06-06 08:57:16,487 TRACE [cn.mldn.mapping.NewsNS.findAll] - <==        Row: 15, 今天是个好天气。, 2018-06-05 17:19:24.0
2018-06-06 08:57:16,487 DEBUG [cn.mldn.mapping.NewsNS.findAll] - <==      Total: 11
2018-06-06 09:02:55,776 DEBUG [cn.mldn.mapping.NewsNS.findSplit] - ==>  Preparing: SELECT nid,title,pubdate FROM news WHERE title LIKE ? LIMIT ? , ? ; 
2018-06-06 09:02:55,813 DEBUG [cn.mldn.mapping.NewsNS.findSplit] - ==> Parameters: %今天%(String), 0(Long), 5(Integer)
2018-06-06 09:02:55,827 TRACE [cn.mldn.mapping.NewsNS.findSplit] - <==    Columns: nid, title, pubdate
2018-06-06 09:02:55,833 TRACE [cn.mldn.mapping.NewsNS.findSplit] - <==        Row: 4, 今天是个好天气。, 2018-06-05 16:34:03.0
2018-06-06 09:02:55,835 TRACE [cn.mldn.mapping.NewsNS.findSplit] - <==        Row: 5, 今天是个好天气。, 2018-06-05 16:34:16.0
2018-06-06 09:02:55,835 TRACE [cn.mldn.mapping.NewsNS.findSplit] - <==        Row: 7, 今天是个好天气。, 2018-06-05 16:36:41.0
2018-06-06 09:02:55,835 TRACE [cn.mldn.mapping.NewsNS.findSplit] - <==        Row: 8, 今天是个好天气。, 2018-06-05 16:47:02.0
2018-06-06 09:02:55,836 TRACE [cn.mldn.mapping.NewsNS.findSplit] - <==        Row: 10, 今天是个好天气。, 2018-06-05 16:53:42.0
2018-06-06 09:02:55,836 DEBUG [cn.mldn.mapping.NewsNS.findSplit] - <==      Total: 5
2018-06-06 09:03:19,261 DEBUG [cn.mldn.mapping.NewsNS.findSplit] - ==>  Preparing: SELECT nid,title,pubdate FROM news WHERE ? LIKE ? LIMIT ? , ? ; 
2018-06-06 09:03:19,294 DEBUG [cn.mldn.mapping.NewsNS.findSplit] - ==> Parameters: title(String), %今天%(String), 0(Long), 5(Integer)
2018-06-06 09:03:19,307 DEBUG [cn.mldn.mapping.NewsNS.findSplit] - <==      Total: 0
2018-06-06 09:05:27,448 DEBUG [cn.mldn.mapping.NewsNS.getAllCount] - ==>  Preparing: SELECT COUNT(*) FROM news WHERE title LIKE ? ; 
2018-06-06 09:05:27,480 DEBUG [cn.mldn.mapping.NewsNS.getAllCount] - ==> Parameters: %今天%(String)
2018-06-06 09:05:27,494 TRACE [cn.mldn.mapping.NewsNS.getAllCount] - <==    Columns: COUNT(*)
2018-06-06 09:05:27,494 TRACE [cn.mldn.mapping.NewsNS.getAllCount] - <==        Row: 10
2018-06-06 09:05:27,495 DEBUG [cn.mldn.mapping.NewsNS.getAllCount] - <==      Total: 1
2018-06-06 09:22:30,316 DEBUG [cn.mldn.mapping.NewsNS.findById] - ==>  Preparing: SELECT nid,title,pubdate FROM news WHERE nid=? ; 
2018-06-06 09:22:30,356 DEBUG [cn.mldn.mapping.NewsNS.findById] - ==> Parameters: 8(Long)
2018-06-06 09:22:30,371 TRACE [cn.mldn.mapping.NewsNS.findById] - <==    Columns: nid, title, pubdate
2018-06-06 09:22:30,376 TRACE [cn.mldn.mapping.NewsNS.findById] - <==        Row: 8, 今天是个好天气。, 2018-06-05 16:47:02.0
2018-06-06 09:22:30,378 DEBUG [cn.mldn.mapping.NewsNS.findById] - <==      Total: 1
2018-06-06 09:23:56,266 DEBUG [cn.mldn.mapping.NewsNS.findById] - ==>  Preparing: SELECT nid,title,pubdate FROM news WHERE nid=? ; 
2018-06-06 09:23:56,300 DEBUG [cn.mldn.mapping.NewsNS.findById] - ==> Parameters: 8(Long)
2018-06-06 09:23:56,314 TRACE [cn.mldn.mapping.NewsNS.findById] - <==    Columns: nid, title, pubdate
2018-06-06 09:23:56,319 TRACE [cn.mldn.mapping.NewsNS.findById] - <==        Row: 8, 今天是个好天气。, 2018-06-05 16:47:02.0
2018-06-06 09:23:56,321 DEBUG [cn.mldn.mapping.NewsNS.findById] - <==      Total: 1
2018-06-06 09:26:58,135 DEBUG [cn.mldn.mapping.NewsNS.findById] - ==>  Preparing: SELECT nid,title,pubdate FROM news WHERE nid=? ; 
2018-06-06 09:26:58,174 DEBUG [cn.mldn.mapping.NewsNS.findById] - ==> Parameters: 8(Long)
2018-06-06 09:26:58,187 TRACE [cn.mldn.mapping.NewsNS.findById] - <==    Columns: nid, title, pubdate
2018-06-06 09:26:58,193 TRACE [cn.mldn.mapping.NewsNS.findById] - <==        Row: 8, 今天是个好天气。, 2018-06-05 16:47:02.0
2018-06-06 09:26:58,195 DEBUG [cn.mldn.mapping.NewsNS.findById] - <==      Total: 1
2018-06-06 09:29:11,079 DEBUG [cn.mldn.mapping.NewsNS.findById] - ==>  Preparing: SELECT nid,title,pubdate FROM news WHERE nid=? ; 
2018-06-06 09:29:11,110 DEBUG [cn.mldn.mapping.NewsNS.findById] - ==> Parameters: 8(Long)
2018-06-06 09:29:11,123 TRACE [cn.mldn.mapping.NewsNS.findById] - <==    Columns: nid, title, pubdate
2018-06-06 09:29:11,129 TRACE [cn.mldn.mapping.NewsNS.findById] - <==        Row: 8, 今天是个好天气。, 2018-06-05 16:47:02.0
2018-06-06 09:29:11,130 DEBUG [cn.mldn.mapping.NewsNS.findById] - <==      Total: 1
2018-06-06 09:29:11,134 DEBUG [cn.mldn.mapping.NewsNS.findById] - ==>  Preparing: SELECT nid,title,pubdate FROM news WHERE nid=? ; 
2018-06-06 09:29:11,134 DEBUG [cn.mldn.mapping.NewsNS.findById] - ==> Parameters: 8(Long)
2018-06-06 09:29:11,135 TRACE [cn.mldn.mapping.NewsNS.findById] - <==    Columns: nid, title, pubdate
2018-06-06 09:29:11,135 TRACE [cn.mldn.mapping.NewsNS.findById] - <==        Row: 8, 今天是个好天气。, 2018-06-05 16:47:02.0
2018-06-06 09:29:11,136 DEBUG [cn.mldn.mapping.NewsNS.findById] - <==      Total: 1
2018-06-06 09:34:38,867 DEBUG [cn.mldn.mapping.NewsNS.findById] - ==>  Preparing: SELECT nid,title,pubdate FROM news WHERE nid=? ; 
2018-06-06 09:34:38,900 DEBUG [cn.mldn.mapping.NewsNS.findById] - ==> Parameters: 8(Long)
2018-06-06 09:34:38,914 TRACE [cn.mldn.mapping.NewsNS.findById] - <==    Columns: nid, title, pubdate
2018-06-06 09:34:38,919 TRACE [cn.mldn.mapping.NewsNS.findById] - <==        Row: 8, 今天是个好天气。, 2018-06-05 16:47:02.0
2018-06-06 09:34:38,921 DEBUG [cn.mldn.mapping.NewsNS.findById] - <==      Total: 1
2018-06-06 09:34:38,934 DEBUG [cn.mldn.mapping.NewsNS.findById] - ==>  Preparing: SELECT nid,title,pubdate FROM news WHERE nid=? ; 
2018-06-06 09:34:38,934 DEBUG [cn.mldn.mapping.NewsNS.findById] - ==> Parameters: 8(Long)
2018-06-06 09:34:38,934 TRACE [cn.mldn.mapping.NewsNS.findById] - <==    Columns: nid, title, pubdate
2018-06-06 09:34:38,935 TRACE [cn.mldn.mapping.NewsNS.findById] - <==        Row: 8, 今天是个好天气。, 2018-06-05 16:47:02.0
2018-06-06 09:34:38,935 DEBUG [cn.mldn.mapping.NewsNS.findById] - <==      Total: 1
2018-06-06 09:38:43,161 DEBUG [cn.mldn.mapping.NewsNS] - Cache Hit Ratio [cn.mldn.mapping.NewsNS]: 0.0
2018-06-06 09:38:43,432 DEBUG [cn.mldn.mapping.NewsNS.findById] - ==>  Preparing: SELECT nid,title,pubdate FROM news WHERE nid=? ; 
2018-06-06 09:38:43,466 DEBUG [cn.mldn.mapping.NewsNS.findById] - ==> Parameters: 8(Long)
2018-06-06 09:38:43,480 TRACE [cn.mldn.mapping.NewsNS.findById] - <==    Columns: nid, title, pubdate
2018-06-06 09:38:43,486 TRACE [cn.mldn.mapping.NewsNS.findById] - <==        Row: 8, 今天是个好天气。, 2018-06-05 16:47:02.0
2018-06-06 09:38:43,487 DEBUG [cn.mldn.mapping.NewsNS.findById] - <==      Total: 1
2018-06-06 09:38:43,491 DEBUG [cn.mldn.mapping.NewsNS] - Cache Hit Ratio [cn.mldn.mapping.NewsNS]: 0.0
2018-06-06 09:38:43,502 DEBUG [cn.mldn.mapping.NewsNS.findById] - ==>  Preparing: SELECT nid,title,pubdate FROM news WHERE nid=? ; 
2018-06-06 09:38:43,502 DEBUG [cn.mldn.mapping.NewsNS.findById] - ==> Parameters: 8(Long)
2018-06-06 09:38:43,503 TRACE [cn.mldn.mapping.NewsNS.findById] - <==    Columns: nid, title, pubdate
2018-06-06 09:38:43,503 TRACE [cn.mldn.mapping.NewsNS.findById] - <==        Row: 8, 今天是个好天气。, 2018-06-05 16:47:02.0
2018-06-06 09:38:43,503 DEBUG [cn.mldn.mapping.NewsNS.findById] - <==      Total: 1
2018-06-06 09:39:55,050 DEBUG [cn.mldn.mapping.NewsNS] - Cache Hit Ratio [cn.mldn.mapping.NewsNS]: 0.0
2018-06-06 09:39:55,314 DEBUG [cn.mldn.mapping.NewsNS.findById] - ==>  Preparing: SELECT nid,title,pubdate FROM news WHERE nid=? ; 
2018-06-06 09:39:55,346 DEBUG [cn.mldn.mapping.NewsNS.findById] - ==> Parameters: 8(Long)
2018-06-06 09:39:55,360 TRACE [cn.mldn.mapping.NewsNS.findById] - <==    Columns: nid, title, pubdate
2018-06-06 09:39:55,365 TRACE [cn.mldn.mapping.NewsNS.findById] - <==        Row: 8, 今天是个好天气。, 2018-06-05 16:47:02.0
2018-06-06 09:39:55,367 DEBUG [cn.mldn.mapping.NewsNS.findById] - <==      Total: 1
2018-06-06 09:39:55,377 DEBUG [cn.mldn.mapping.NewsNS] - Cache Hit Ratio [cn.mldn.mapping.NewsNS]: 0.5
2018-06-06 09:43:02,996 DEBUG [cn.mldn.mapping.NewsNS.findById] - ==>  Preparing: SELECT nid,title,pubdate FROM news WHERE nid=? ; 
2018-06-06 09:43:03,032 DEBUG [cn.mldn.mapping.NewsNS.findById] - ==> Parameters: 8(Long)
2018-06-06 09:43:03,047 TRACE [cn.mldn.mapping.NewsNS.findById] - <==    Columns: nid, title, pubdate
2018-06-06 09:43:03,053 TRACE [cn.mldn.mapping.NewsNS.findById] - <==        Row: 8, 今天是个好天气。, 2018-06-05 16:47:02.0
2018-06-06 09:43:03,054 DEBUG [cn.mldn.mapping.NewsNS.findById] - <==      Total: 1
2018-06-06 09:43:03,059 DEBUG [cn.mldn.mapping.NewsNS.findById] - ==>  Preparing: SELECT nid,title,pubdate FROM news WHERE nid=? ; 
2018-06-06 09:43:03,059 DEBUG [cn.mldn.mapping.NewsNS.findById] - ==> Parameters: 8(Long)
2018-06-06 09:43:03,060 TRACE [cn.mldn.mapping.NewsNS.findById] - <==    Columns: nid, title, pubdate
2018-06-06 09:43:03,060 TRACE [cn.mldn.mapping.NewsNS.findById] - <==        Row: 8, 今天是个好天气。, 2018-06-05 16:47:02.0
2018-06-06 09:43:03,061 DEBUG [cn.mldn.mapping.NewsNS.findById] - <==      Total: 1
2018-06-06 09:50:15,087 DEBUG [cn.mldn.mapping.NewsNS] - Cache Hit Ratio [cn.mldn.mapping.NewsNS]: 0.0
2018-06-06 09:50:15,350 DEBUG [cn.mldn.mapping.NewsNS.findById] - ==>  Preparing: SELECT nid,title,pubdate FROM news WHERE nid=? ; 
2018-06-06 09:50:15,385 DEBUG [cn.mldn.mapping.NewsNS.findById] - ==> Parameters: 8(Long)
2018-06-06 09:50:15,398 TRACE [cn.mldn.mapping.NewsNS.findById] - <==    Columns: nid, title, pubdate
2018-06-06 09:50:15,404 TRACE [cn.mldn.mapping.NewsNS.findById] - <==        Row: 8, 今天是个好天气。, 2018-06-05 16:47:02.0
2018-06-06 09:50:15,406 DEBUG [cn.mldn.mapping.NewsNS.findById] - <==      Total: 1
2018-06-06 09:50:15,411 DEBUG [cn.mldn.mapping.NewsNS] - Cache Hit Ratio [cn.mldn.mapping.NewsNS]: 0.5
